
=== Wed Aug  6 17:04:16 2025

Packages were changed.
Update Mode: updateDependencies

The following packages were updated:
  com.unity.ai.navigation from version 2.0.0 to 2.0.8
  com.unity.burst from version 1.8.13 to 1.8.23
  com.unity.cinemachine from version 2.10.0 to 2.10.4
  com.unity.collab-proxy from version 2.5.1 to 2.8.2
  com.unity.collections from version 2.4.0 to 2.5.1
  com.unity.ide.rider from version 3.0.28 to 3.0.36
  com.unity.ide.visualstudio from version 2.0.22 to 2.0.23
  com.unity.inputsystem from version 1.8.1 to 1.14.0
  com.unity.mathematics from version 1.3.1 to 1.3.2
  com.unity.render-pipelines.core from version 17.0.3 to 17.1.0
  com.unity.render-pipelines.universal from version 17.0.3 to 17.1.0
  com.unity.shadergraph from version 17.0.3 to 17.1.0
  com.unity.test-framework from version 1.4.3 to 1.5.1
  com.unity.test-framework.performance from version 3.0.3 to 3.1.0
  com.unity.timeline from version 1.8.6 to 1.8.7
  com.unity.visualscripting from version 1.9.4 to 1.9.7

=== Wed Aug  6 17:04:16 2025

Packages were changed.
Update Mode: mergeDefaultDependencies

The following packages were added:
  com.unity.ai.navigation@2.0.8
  com.unity.burst@1.8.23
  com.unity.cinemachine@2.10.4
  com.unity.collections@2.5.1
  com.unity.ext.nunit@2.0.5
  com.unity.ide.rider@3.0.36
  com.unity.ide.visualstudio@2.0.23
  com.unity.mathematics@1.3.2
  com.unity.nuget.mono-cecil@1.11.4
  com.unity.package-validation-suite@0.22.0-preview
  com.unity.render-pipelines.core@17.1.0
  com.unity.render-pipelines.universal@17.1.0
  com.unity.render-pipelines.universal-config@17.0.3
  com.unity.rendering.light-transport@1.0.1
  com.unity.searcher@4.9.2
  com.unity.shadergraph@17.1.0
  com.unity.test-framework@1.5.1
  com.unity.test-framework.performance@3.1.0
  com.unity.modules.hierarchycore@1.0.0
  com.unity.modules.subsystems@1.0.0

=== Wed Aug  6 17:07:16 2025

Packages were changed.
Update Mode: updateDependencies

The following packages were updated:
  com.unity.collab-proxy from version 1.13.5 to 2.8.2
  com.unity.ide.rider from version 3.0.7 to 3.0.36
  com.unity.ide.visualstudio from version 2.0.11 to 2.0.23
  com.unity.render-pipelines.high-definition from version 12.1.0 to 17.1.0
  com.unity.render-pipelines.universal from version 12.1.0 to 17.1.0
  com.unity.shadergraph from version 12.1.0 to 17.1.0
  com.unity.test-framework from version 1.1.29 to 1.5.1
  com.unity.timeline from version 1.6.2 to 1.8.7
  com.unity.ugui from version 1.0.0 to 2.0.0
  com.unity.visualscripting from version 1.7.2 to 1.9.7
The following packages were removed:
  com.unity.textmeshpro@3.0.6

=== Wed Aug  6 17:07:16 2025

Packages were changed.
Update Mode: mergeDefaultDependencies

The following packages were added:
  com.unity.ide.vscode@1.2.4
  com.unity.render-pipelines.high-definition@17.1.0

=== Thu Aug  7 18:15:19 2025

Packages were changed.
Update Mode: updateDependencies

The following packages were updated:
  com.unity.cinemachine from version 2.6.11 to 2.10.4
  com.unity.collab-proxy from version 1.15.12 to 2.8.2
  com.unity.ide.rider from version 2.0.7 to 3.0.36
  com.unity.ide.visualstudio from version 2.0.14 to 2.0.23
  com.unity.inputsystem from version 1.3.0 to 1.14.0
  com.unity.render-pipelines.universal from version 10.8.1 to 17.1.0
  com.unity.shadergraph from version 10.8.1 to 17.1.0
  com.unity.test-framework from version 1.1.29 to 1.5.1
  com.unity.timeline from version 1.4.8 to 1.8.7
  com.unity.toolchain.win-x86_64-linux-x86_64 from version 1.0.0 to 2.0.10
  com.unity.ugui from version 1.0.0 to 2.0.0
The following packages were removed:
  com.unity.textmeshpro@3.0.6

=== Thu Aug  7 18:15:19 2025

Packages were changed.
Update Mode: mergeDefaultDependencies

The following packages were added:
  com.unity.toolchain.win-x86_64-linux-x86_64@2.0.10

=== Thu Aug  7 18:18:09 2025

Packages were changed.
Update Mode: updateDependencies

The following packages were updated:
  com.unity.cinemachine from version 2.6.11 to 2.10.4
  com.unity.collab-proxy from version 1.15.12 to 2.8.2
  com.unity.ide.rider from version 2.0.7 to 3.0.36
  com.unity.ide.visualstudio from version 2.0.14 to 2.0.23
  com.unity.inputsystem from version 1.3.0 to 1.14.0
  com.unity.render-pipelines.universal from version 10.8.1 to 17.1.0
  com.unity.shadergraph from version 10.8.1 to 17.1.0
  com.unity.test-framework from version 1.1.29 to 1.5.1
  com.unity.timeline from version 1.4.8 to 1.8.7
  com.unity.toolchain.win-x86_64-linux-x86_64 from version 1.0.0 to 2.0.10
  com.unity.ugui from version 1.0.0 to 2.0.0
The following packages were removed:
  com.unity.textmeshpro@3.0.6

=== Thu Aug  7 18:18:26 2025

Packages were changed.
Update Mode: updateDependencies

The following packages were updated:
  com.unity.cinemachine from version 2.6.11 to 2.10.4
  com.unity.collab-proxy from version 1.15.12 to 2.8.2
  com.unity.ide.rider from version 2.0.7 to 3.0.36
  com.unity.ide.visualstudio from version 2.0.14 to 2.0.23
  com.unity.inputsystem from version 1.3.0 to 1.14.0
  com.unity.render-pipelines.universal from version 10.8.1 to 17.1.0
  com.unity.shadergraph from version 10.8.1 to 17.1.0
  com.unity.test-framework from version 1.1.29 to 1.5.1
  com.unity.timeline from version 1.4.8 to 1.8.7
  com.unity.toolchain.win-x86_64-linux-x86_64 from version 1.0.0 to 2.0.10
  com.unity.ugui from version 1.0.0 to 2.0.0
The following packages were removed:
  com.unity.textmeshpro@3.0.6

=== Thu Aug  7 18:52:06 2025

Packages were changed.
Update Mode: updateDependencies

The following packages were updated:
  com.unity.ai.navigation from version 2.0.0 to 2.0.8
  com.unity.burst from version 1.8.13 to 1.8.23
  com.unity.cinemachine from version 2.10.0 to 2.10.4
  com.unity.collab-proxy from version 2.5.1 to 2.8.2
  com.unity.collections from version 2.4.0 to 2.5.1
  com.unity.ide.rider from version 3.0.28 to 3.0.36
  com.unity.ide.visualstudio from version 2.0.22 to 2.0.23
  com.unity.inputsystem from version 1.8.1 to 1.14.0
  com.unity.mathematics from version 1.3.1 to 1.3.2
  com.unity.render-pipelines.core from version 17.0.3 to 17.1.0
  com.unity.render-pipelines.universal from version 17.0.3 to 17.1.0
  com.unity.shadergraph from version 17.0.3 to 17.1.0
  com.unity.test-framework from version 1.4.3 to 1.5.1
  com.unity.test-framework.performance from version 3.0.3 to 3.1.0
  com.unity.timeline from version 1.8.6 to 1.8.7
  com.unity.visualscripting from version 1.9.4 to 1.9.7
